<?xml version="1.0" encoding="UTF-8"?>
<testsuite name="org.linketinder.dao.EmpresaBdTest" tests="4" skipped="0" failures="0" errors="0" timestamp="2023-11-08T00:45:24" hostname="NMTZG00717" time="0.116">
  <properties/>
  <testcase name="testDeletarEmpresaInexistente()" classname="org.linketinder.dao.EmpresaBdTest" time="0.039"/>
  <testcase name="testListarEmpresas()" classname="org.linketinder.dao.EmpresaBdTest" time="0.023"/>
  <testcase name="testInserirEmpresa()" classname="org.linketinder.dao.EmpresaBdTest" time="0.03"/>
  <testcase name="testDeletarEmpresaExistente()" classname="org.linketinder.dao.EmpresaBdTest" time="0.02"/>
  <system-out><![CDATA[]]></system-out>
  <system-err><![CDATA[]]></system-err>
</testsuite>
