<?xml version="1.0" encoding="UTF-8"?>
<testsuite name="org.example.usuarios.EmpresaTest" tests="1" skipped="0" failures="0" errors="0" timestamp="2023-08-27T03:19:24" hostname="NMTZG00717" time="0.026">
  <properties/>
  <testcase name="testAdicionarEmpresa()" classname="org.example.usuarios.EmpresaTest" time="0.026"/>
  <system-out><![CDATA[]]></system-out>
  <system-err><![CDATA[]]></system-err>
</testsuite>
