<?xml version="1.0" encoding="UTF-8"?>
<testsuite name="org.example.usuarios.CandidatoTest" tests="1" skipped="0" failures="0" errors="0" timestamp="2023-08-27T03:19:23" hostname="NMTZG00717" time="0.14">
  <properties/>
  <testcase name="testAdicionarCandidato()" classname="org.example.usuarios.CandidatoTest" time="0.14"/>
  <system-out><![CDATA[]]></system-out>
  <system-err><![CDATA[]]></system-err>
</testsuite>
